00:40:15.414 [main] WARN  o.s.aop.framework.CglibAopProxy - Unable to proxy method [public final void org.springframework.test.context.junit4.AbstractJUnit4SpringContextTests.setApplicationContext(org.springframework.context.ApplicationContext)] because it is final: All calls to this method via a proxy will NOT be routed to the target instance.
00:40:15.541 [main] WARN  o.s.test.context.TestContextManager - Caught exception while allowing TestExecutionListener [org.springframework.test.context.transaction.TransactionalTestExecutionListener@35c1d286] to process 'before' execution of test method [public void com.slk.core.sys.CodeDaoTest.codeCurl() throws java.lang.Exception] for test instance [com.slk.core.sys.CodeDaoTest@47e476fc]
org.springframework.transaction.CannotCreateTransactionException: Could not open JDBC Connection for transaction; nested exception is java.sql.SQLException: Driver:net.sf.log4jdbc.DriverSpy@51ebdc1d returned null for URL:jdbc:log4jdbc:mysql://127.0.0.1/qsync?useUnicode=true&characterEncoding=utf-8
	at org.springframework.jdbc.datasource.DataSourceTransactionManager.doBegin(DataSourceTransactionManager.java:242) ~[spring-jdbc-4.0.5.RELEASE.jar:4.0.5.RELEASE]
	at org.springframework.transaction.support.AbstractPlatformTransactionManager.getTransaction(AbstractPlatformTransactionManager.java:373) ~[spring-tx-4.0.5.RELEASE.jar:4.0.5.RELEASE]
	at org.springframework.test.context.transaction.TransactionalTestExecutionListener$TransactionContext.startTransaction(TransactionalTestExecutionListener.java:589) ~[spring-test-4.0.5.RELEASE.jar:4.0.5.RELEASE]
	at org.springframework.test.context.transaction.TransactionalTestExecutionListener.startNewTransaction(TransactionalTestExecutionListener.java:273) ~[spring-test-4.0.5.RELEASE.jar:4.0.5.RELEASE]
	at org.springframework.test.context.transaction.TransactionalTestExecutionListener.beforeTestMethod(TransactionalTestExecutionListener.java:168) ~[spring-test-4.0.5.RELEASE.jar:4.0.5.RELEASE]
	at org.springframework.test.context.TestContextManager.beforeTestMethod(TestContextManager.java:368) ~[spring-test-4.0.5.RELEASE.jar:4.0.5.RELEASE]
	at org.springframework.test.context.junit4.statements.RunBeforeTestMethodCallbacks.evaluate(RunBeforeTestMethodCallbacks.java:73) [spring-test-4.0.5.RELEASE.jar:4.0.5.RELEASE]
	at org.springframework.test.context.junit4.statements.RunAfterTestMethodCallbacks.evaluate(RunAfterTestMethodCallbacks.java:83) [spring-test-4.0.5.RELEASE.jar:4.0.5.RELEASE]
	at org.springframework.test.context.junit4.statements.SpringRepeat.evaluate(SpringRepeat.java:72) [spring-test-4.0.5.RELEASE.jar:4.0.5.RELEASE]
	at org.springframework.test.context.junit4.SpringJUnit4ClassRunner.runChild(SpringJUnit4ClassRunner.java:233) [spring-test-4.0.5.RELEASE.jar:4.0.5.RELEASE]
	at org.springframework.test.context.junit4.SpringJUnit4ClassRunner.runChild(SpringJUnit4ClassRunner.java:87) [spring-test-4.0.5.RELEASE.jar:4.0.5.RELEASE]
	at org.junit.runners.ParentRunner$3.run(ParentRunner.java:238) [junit-4.11.jar:na]
	at org.junit.runners.ParentRunner$1.schedule(ParentRunner.java:63) [junit-4.11.jar:na]
	at org.junit.runners.ParentRunner.runChildren(ParentRunner.java:236) [junit-4.11.jar:na]
	at org.junit.runners.ParentRunner.access$000(ParentRunner.java:53) [junit-4.11.jar:na]
	at org.junit.runners.ParentRunner$2.evaluate(ParentRunner.java:229) [junit-4.11.jar:na]
	at org.springframework.test.context.junit4.statements.RunBeforeTestClassCallbacks.evaluate(RunBeforeTestClassCallbacks.java:61) [spring-test-4.0.5.RELEASE.jar:4.0.5.RELEASE]
	at org.springframework.test.context.junit4.statements.RunAfterTestClassCallbacks.evaluate(RunAfterTestClassCallbacks.java:71) [spring-test-4.0.5.RELEASE.jar:4.0.5.RELEASE]
	at org.junit.runners.ParentRunner.run(ParentRunner.java:309) [junit-4.11.jar:na]
	at org.springframework.test.context.junit4.SpringJUnit4ClassRunner.run(SpringJUnit4ClassRunner.java:176) [spring-test-4.0.5.RELEASE.jar:4.0.5.RELEASE]
	at org.eclipse.jdt.internal.junit4.runner.JUnit4TestReference.run(JUnit4TestReference.java:50) [.cp/:na]
	at org.eclipse.jdt.internal.junit.runner.TestExecution.run(TestExecution.java:38) [.cp/:na]
	at org.eclipse.jdt.internal.junit.runner.RemoteTestRunner.runTests(RemoteTestRunner.java:459) [.cp/:na]
	at org.eclipse.jdt.internal.junit.runner.RemoteTestRunner.runTests(RemoteTestRunner.java:675) [.cp/:na]
	at org.eclipse.jdt.internal.junit.runner.RemoteTestRunner.run(RemoteTestRunner.java:382) [.cp/:na]
	at org.eclipse.jdt.internal.junit.runner.RemoteTestRunner.main(RemoteTestRunner.java:192) [.cp/:na]
Caused by: java.sql.SQLException: Driver:net.sf.log4jdbc.DriverSpy@51ebdc1d returned null for URL:jdbc:log4jdbc:mysql://127.0.0.1/qsync?useUnicode=true&characterEncoding=utf-8
	at org.apache.tomcat.jdbc.pool.PooledConnection.connectUsingDriver(PooledConnection.java:296) ~[tomcat-jdbc-7.0.54.jar:na]
	at org.apache.tomcat.jdbc.pool.PooledConnection.connect(PooledConnection.java:182) ~[tomcat-jdbc-7.0.54.jar:na]
	at org.apache.tomcat.jdbc.pool.ConnectionPool.createConnection(ConnectionPool.java:701) ~[tomcat-jdbc-7.0.54.jar:na]
	at org.apache.tomcat.jdbc.pool.ConnectionPool.borrowConnection(ConnectionPool.java:635) ~[tomcat-jdbc-7.0.54.jar:na]
	at org.apache.tomcat.jdbc.pool.ConnectionPool.init(ConnectionPool.java:486) ~[tomcat-jdbc-7.0.54.jar:na]
	at org.apache.tomcat.jdbc.pool.ConnectionPool.<init>(ConnectionPool.java:144) ~[tomcat-jdbc-7.0.54.jar:na]
	at org.apache.tomcat.jdbc.pool.DataSourceProxy.pCreatePool(DataSourceProxy.java:116) ~[tomcat-jdbc-7.0.54.jar:na]
	at org.apache.tomcat.jdbc.pool.DataSourceProxy.createPool(DataSourceProxy.java:103) ~[tomcat-jdbc-7.0.54.jar:na]
	at org.apache.tomcat.jdbc.pool.DataSourceProxy.getConnection(DataSourceProxy.java:127) ~[tomcat-jdbc-7.0.54.jar:na]
	at org.springframework.jdbc.datasource.DataSourceTransactionManager.doBegin(DataSourceTransactionManager.java:204) ~[spring-jdbc-4.0.5.RELEASE.jar:4.0.5.RELEASE]
	... 25 common frames omitted
00:42:34.360 [main] WARN  o.s.aop.framework.CglibAopProxy - Unable to proxy method [public final void org.springframework.test.context.junit4.AbstractJUnit4SpringContextTests.setApplicationContext(org.springframework.context.ApplicationContext)] because it is final: All calls to this method via a proxy will NOT be routed to the target instance.
00:42:34.491 [main] WARN  o.s.test.context.TestContextManager - Caught exception while allowing TestExecutionListener [org.springframework.test.context.transaction.TransactionalTestExecutionListener@7a69c3fb] to process 'before' execution of test method [public void com.slk.core.sys.CodeDaoTest.codeCurl() throws java.lang.Exception] for test instance [com.slk.core.sys.CodeDaoTest@35c1d286]
org.springframework.transaction.CannotCreateTransactionException: Could not open JDBC Connection for transaction; nested exception is java.sql.SQLException: Driver:net.sf.log4jdbc.DriverSpy@4d38e3ae returned null for URL:jdbc:log4jdbc:mysql://127.0.0.1/qsync?useUnicode=true&characterEncoding=utf-8
	at org.springframework.jdbc.datasource.DataSourceTransactionManager.doBegin(DataSourceTransactionManager.java:242) ~[spring-jdbc-4.0.5.RELEASE.jar:4.0.5.RELEASE]
	at org.springframework.transaction.support.AbstractPlatformTransactionManager.getTransaction(AbstractPlatformTransactionManager.java:373) ~[spring-tx-4.0.5.RELEASE.jar:4.0.5.RELEASE]
	at org.springframework.test.context.transaction.TransactionalTestExecutionListener$TransactionContext.startTransaction(TransactionalTestExecutionListener.java:589) ~[spring-test-4.0.5.RELEASE.jar:4.0.5.RELEASE]
	at org.springframework.test.context.transaction.TransactionalTestExecutionListener.startNewTransaction(TransactionalTestExecutionListener.java:273) ~[spring-test-4.0.5.RELEASE.jar:4.0.5.RELEASE]
	at org.springframework.test.context.transaction.TransactionalTestExecutionListener.beforeTestMethod(TransactionalTestExecutionListener.java:168) ~[spring-test-4.0.5.RELEASE.jar:4.0.5.RELEASE]
	at org.springframework.test.context.TestContextManager.beforeTestMethod(TestContextManager.java:368) ~[spring-test-4.0.5.RELEASE.jar:4.0.5.RELEASE]
	at org.springframework.test.context.junit4.statements.RunBeforeTestMethodCallbacks.evaluate(RunBeforeTestMethodCallbacks.java:73) [spring-test-4.0.5.RELEASE.jar:4.0.5.RELEASE]
	at org.springframework.test.context.junit4.statements.RunAfterTestMethodCallbacks.evaluate(RunAfterTestMethodCallbacks.java:83) [spring-test-4.0.5.RELEASE.jar:4.0.5.RELEASE]
	at org.springframework.test.context.junit4.statements.SpringRepeat.evaluate(SpringRepeat.java:72) [spring-test-4.0.5.RELEASE.jar:4.0.5.RELEASE]
	at org.springframework.test.context.junit4.SpringJUnit4ClassRunner.runChild(SpringJUnit4ClassRunner.java:233) [spring-test-4.0.5.RELEASE.jar:4.0.5.RELEASE]
	at org.springframework.test.context.junit4.SpringJUnit4ClassRunner.runChild(SpringJUnit4ClassRunner.java:87) [spring-test-4.0.5.RELEASE.jar:4.0.5.RELEASE]
	at org.junit.runners.ParentRunner$3.run(ParentRunner.java:238) [junit-4.11.jar:na]
	at org.junit.runners.ParentRunner$1.schedule(ParentRunner.java:63) [junit-4.11.jar:na]
	at org.junit.runners.ParentRunner.runChildren(ParentRunner.java:236) [junit-4.11.jar:na]
	at org.junit.runners.ParentRunner.access$000(ParentRunner.java:53) [junit-4.11.jar:na]
	at org.junit.runners.ParentRunner$2.evaluate(ParentRunner.java:229) [junit-4.11.jar:na]
	at org.springframework.test.context.junit4.statements.RunBeforeTestClassCallbacks.evaluate(RunBeforeTestClassCallbacks.java:61) [spring-test-4.0.5.RELEASE.jar:4.0.5.RELEASE]
	at org.springframework.test.context.junit4.statements.RunAfterTestClassCallbacks.evaluate(RunAfterTestClassCallbacks.java:71) [spring-test-4.0.5.RELEASE.jar:4.0.5.RELEASE]
	at org.junit.runners.ParentRunner.run(ParentRunner.java:309) [junit-4.11.jar:na]
	at org.springframework.test.context.junit4.SpringJUnit4ClassRunner.run(SpringJUnit4ClassRunner.java:176) [spring-test-4.0.5.RELEASE.jar:4.0.5.RELEASE]
	at org.eclipse.jdt.internal.junit4.runner.JUnit4TestReference.run(JUnit4TestReference.java:50) [.cp/:na]
	at org.eclipse.jdt.internal.junit.runner.TestExecution.run(TestExecution.java:38) [.cp/:na]
	at org.eclipse.jdt.internal.junit.runner.RemoteTestRunner.runTests(RemoteTestRunner.java:459) [.cp/:na]
	at org.eclipse.jdt.internal.junit.runner.RemoteTestRunner.runTests(RemoteTestRunner.java:675) [.cp/:na]
	at org.eclipse.jdt.internal.junit.runner.RemoteTestRunner.run(RemoteTestRunner.java:382) [.cp/:na]
	at org.eclipse.jdt.internal.junit.runner.RemoteTestRunner.main(RemoteTestRunner.java:192) [.cp/:na]
Caused by: java.sql.SQLException: Driver:net.sf.log4jdbc.DriverSpy@4d38e3ae returned null for URL:jdbc:log4jdbc:mysql://127.0.0.1/qsync?useUnicode=true&characterEncoding=utf-8
	at org.apache.tomcat.jdbc.pool.PooledConnection.connectUsingDriver(PooledConnection.java:296) ~[tomcat-jdbc-7.0.54.jar:na]
	at org.apache.tomcat.jdbc.pool.PooledConnection.connect(PooledConnection.java:182) ~[tomcat-jdbc-7.0.54.jar:na]
	at org.apache.tomcat.jdbc.pool.ConnectionPool.createConnection(ConnectionPool.java:701) ~[tomcat-jdbc-7.0.54.jar:na]
	at org.apache.tomcat.jdbc.pool.ConnectionPool.borrowConnection(ConnectionPool.java:635) ~[tomcat-jdbc-7.0.54.jar:na]
	at org.apache.tomcat.jdbc.pool.ConnectionPool.init(ConnectionPool.java:486) ~[tomcat-jdbc-7.0.54.jar:na]
	at org.apache.tomcat.jdbc.pool.ConnectionPool.<init>(ConnectionPool.java:144) ~[tomcat-jdbc-7.0.54.jar:na]
	at org.apache.tomcat.jdbc.pool.DataSourceProxy.pCreatePool(DataSourceProxy.java:116) ~[tomcat-jdbc-7.0.54.jar:na]
	at org.apache.tomcat.jdbc.pool.DataSourceProxy.createPool(DataSourceProxy.java:103) ~[tomcat-jdbc-7.0.54.jar:na]
	at org.apache.tomcat.jdbc.pool.DataSourceProxy.getConnection(DataSourceProxy.java:127) ~[tomcat-jdbc-7.0.54.jar:na]
	at org.springframework.jdbc.datasource.DataSourceTransactionManager.doBegin(DataSourceTransactionManager.java:204) ~[spring-jdbc-4.0.5.RELEASE.jar:4.0.5.RELEASE]
	... 25 common frames omitted
00:44:10.494 [main] WARN  o.s.aop.framework.CglibAopProxy - Unable to proxy method [public final void org.springframework.test.context.junit4.AbstractJUnit4SpringContextTests.setApplicationContext(org.springframework.context.ApplicationContext)] because it is final: All calls to this method via a proxy will NOT be routed to the target instance.
00:44:10.626 [main] WARN  o.s.test.context.TestContextManager - Caught exception while allowing TestExecutionListener [org.springframework.test.context.transaction.TransactionalTestExecutionListener@fbfd1d8] to process 'before' execution of test method [public void com.slk.core.sys.CodeDaoTest.codeCurl() throws java.lang.Exception] for test instance [com.slk.core.sys.CodeDaoTest@7a69c3fb]
org.springframework.transaction.CannotCreateTransactionException: Could not open JDBC Connection for transaction; nested exception is java.sql.SQLException: Driver:net.sf.log4jdbc.DriverSpy@1c040a30 returned null for URL:jdbc:log4jdbc:mysql://127.0.0.11/qsync?useUnicode=true&characterEncoding=utf-8
	at org.springframework.jdbc.datasource.DataSourceTransactionManager.doBegin(DataSourceTransactionManager.java:242) ~[spring-jdbc-4.0.5.RELEASE.jar:4.0.5.RELEASE]
	at org.springframework.transaction.support.AbstractPlatformTransactionManager.getTransaction(AbstractPlatformTransactionManager.java:373) ~[spring-tx-4.0.5.RELEASE.jar:4.0.5.RELEASE]
	at org.springframework.test.context.transaction.TransactionalTestExecutionListener$TransactionContext.startTransaction(TransactionalTestExecutionListener.java:589) ~[spring-test-4.0.5.RELEASE.jar:4.0.5.RELEASE]
	at org.springframework.test.context.transaction.TransactionalTestExecutionListener.startNewTransaction(TransactionalTestExecutionListener.java:273) ~[spring-test-4.0.5.RELEASE.jar:4.0.5.RELEASE]
	at org.springframework.test.context.transaction.TransactionalTestExecutionListener.beforeTestMethod(TransactionalTestExecutionListener.java:168) ~[spring-test-4.0.5.RELEASE.jar:4.0.5.RELEASE]
	at org.springframework.test.context.TestContextManager.beforeTestMethod(TestContextManager.java:368) ~[spring-test-4.0.5.RELEASE.jar:4.0.5.RELEASE]
	at org.springframework.test.context.junit4.statements.RunBeforeTestMethodCallbacks.evaluate(RunBeforeTestMethodCallbacks.java:73) [spring-test-4.0.5.RELEASE.jar:4.0.5.RELEASE]
	at org.springframework.test.context.junit4.statements.RunAfterTestMethodCallbacks.evaluate(RunAfterTestMethodCallbacks.java:83) [spring-test-4.0.5.RELEASE.jar:4.0.5.RELEASE]
	at org.springframework.test.context.junit4.statements.SpringRepeat.evaluate(SpringRepeat.java:72) [spring-test-4.0.5.RELEASE.jar:4.0.5.RELEASE]
	at org.springframework.test.context.junit4.SpringJUnit4ClassRunner.runChild(SpringJUnit4ClassRunner.java:233) [spring-test-4.0.5.RELEASE.jar:4.0.5.RELEASE]
	at org.springframework.test.context.junit4.SpringJUnit4ClassRunner.runChild(SpringJUnit4ClassRunner.java:87) [spring-test-4.0.5.RELEASE.jar:4.0.5.RELEASE]
	at org.junit.runners.ParentRunner$3.run(ParentRunner.java:238) [junit-4.11.jar:na]
	at org.junit.runners.ParentRunner$1.schedule(ParentRunner.java:63) [junit-4.11.jar:na]
	at org.junit.runners.ParentRunner.runChildren(ParentRunner.java:236) [junit-4.11.jar:na]
	at org.junit.runners.ParentRunner.access$000(ParentRunner.java:53) [junit-4.11.jar:na]
	at org.junit.runners.ParentRunner$2.evaluate(ParentRunner.java:229) [junit-4.11.jar:na]
	at org.springframework.test.context.junit4.statements.RunBeforeTestClassCallbacks.evaluate(RunBeforeTestClassCallbacks.java:61) [spring-test-4.0.5.RELEASE.jar:4.0.5.RELEASE]
	at org.springframework.test.context.junit4.statements.RunAfterTestClassCallbacks.evaluate(RunAfterTestClassCallbacks.java:71) [spring-test-4.0.5.RELEASE.jar:4.0.5.RELEASE]
	at org.junit.runners.ParentRunner.run(ParentRunner.java:309) [junit-4.11.jar:na]
	at org.springframework.test.context.junit4.SpringJUnit4ClassRunner.run(SpringJUnit4ClassRunner.java:176) [spring-test-4.0.5.RELEASE.jar:4.0.5.RELEASE]
	at org.eclipse.jdt.internal.junit4.runner.JUnit4TestReference.run(JUnit4TestReference.java:50) [.cp/:na]
	at org.eclipse.jdt.internal.junit.runner.TestExecution.run(TestExecution.java:38) [.cp/:na]
	at org.eclipse.jdt.internal.junit.runner.RemoteTestRunner.runTests(RemoteTestRunner.java:459) [.cp/:na]
	at org.eclipse.jdt.internal.junit.runner.RemoteTestRunner.runTests(RemoteTestRunner.java:675) [.cp/:na]
	at org.eclipse.jdt.internal.junit.runner.RemoteTestRunner.run(RemoteTestRunner.java:382) [.cp/:na]
	at org.eclipse.jdt.internal.junit.runner.RemoteTestRunner.main(RemoteTestRunner.java:192) [.cp/:na]
Caused by: java.sql.SQLException: Driver:net.sf.log4jdbc.DriverSpy@1c040a30 returned null for URL:jdbc:log4jdbc:mysql://127.0.0.11/qsync?useUnicode=true&characterEncoding=utf-8
	at org.apache.tomcat.jdbc.pool.PooledConnection.connectUsingDriver(PooledConnection.java:296) ~[tomcat-jdbc-7.0.54.jar:na]
	at org.apache.tomcat.jdbc.pool.PooledConnection.connect(PooledConnection.java:182) ~[tomcat-jdbc-7.0.54.jar:na]
	at org.apache.tomcat.jdbc.pool.ConnectionPool.createConnection(ConnectionPool.java:701) ~[tomcat-jdbc-7.0.54.jar:na]
	at org.apache.tomcat.jdbc.pool.ConnectionPool.borrowConnection(ConnectionPool.java:635) ~[tomcat-jdbc-7.0.54.jar:na]
	at org.apache.tomcat.jdbc.pool.ConnectionPool.init(ConnectionPool.java:486) ~[tomcat-jdbc-7.0.54.jar:na]
	at org.apache.tomcat.jdbc.pool.ConnectionPool.<init>(ConnectionPool.java:144) ~[tomcat-jdbc-7.0.54.jar:na]
	at org.apache.tomcat.jdbc.pool.DataSourceProxy.pCreatePool(DataSourceProxy.java:116) ~[tomcat-jdbc-7.0.54.jar:na]
	at org.apache.tomcat.jdbc.pool.DataSourceProxy.createPool(DataSourceProxy.java:103) ~[tomcat-jdbc-7.0.54.jar:na]
	at org.apache.tomcat.jdbc.pool.DataSourceProxy.getConnection(DataSourceProxy.java:127) ~[tomcat-jdbc-7.0.54.jar:na]
	at org.springframework.jdbc.datasource.DataSourceTransactionManager.doBegin(DataSourceTransactionManager.java:204) ~[spring-jdbc-4.0.5.RELEASE.jar:4.0.5.RELEASE]
	... 25 common frames omitted
00:48:38.961 [main] WARN  o.s.aop.framework.CglibAopProxy - Unable to proxy method [public final void org.springframework.test.context.junit4.AbstractJUnit4SpringContextTests.setApplicationContext(org.springframework.context.ApplicationContext)] because it is final: All calls to this method via a proxy will NOT be routed to the target instance.
00:48:39.498 [main] ERROR jdbc.audit - 10. PreparedStatement.execute() SELECT count(*) FROM slk_code 

com.mysql.jdbc.exceptions.jdbc4.MySQLSyntaxErrorException: Table 'qsync.slk_code' doesn't exist
	at sun.reflect.NativeConstructorAccessorImpl.newInstance0(Native Method) ~[na:1.7.0_67]
	at sun.reflect.NativeConstructorAccessorImpl.newInstance(Unknown Source) ~[na:1.7.0_67]
	at sun.reflect.DelegatingConstructorAccessorImpl.newInstance(Unknown Source) ~[na:1.7.0_67]
	at java.lang.reflect.Constructor.newInstance(Unknown Source) ~[na:1.7.0_67]
	at com.mysql.jdbc.Util.handleNewInstance(Util.java:411) ~[mysql-connector-java-5.1.24.jar:na]
	at com.mysql.jdbc.Util.getInstance(Util.java:386) ~[mysql-connector-java-5.1.24.jar:na]
	at com.mysql.jdbc.SQLError.createSQLException(SQLError.java:1054) ~[mysql-connector-java-5.1.24.jar:na]
	at com.mysql.jdbc.MysqlIO.checkErrorPacket(MysqlIO.java:4120) ~[mysql-connector-java-5.1.24.jar:na]
	at com.mysql.jdbc.MysqlIO.checkErrorPacket(MysqlIO.java:4052) ~[mysql-connector-java-5.1.24.jar:na]
	at com.mysql.jdbc.MysqlIO.sendCommand(MysqlIO.java:2503) ~[mysql-connector-java-5.1.24.jar:na]
	at com.mysql.jdbc.MysqlIO.sqlQueryDirect(MysqlIO.java:2664) ~[mysql-connector-java-5.1.24.jar:na]
	at com.mysql.jdbc.ConnectionImpl.execSQL(ConnectionImpl.java:2815) ~[mysql-connector-java-5.1.24.jar:na]
	at com.mysql.jdbc.PreparedStatement.executeInternal(PreparedStatement.java:2155) ~[mysql-connector-java-5.1.24.jar:na]
	at com.mysql.jdbc.PreparedStatement.execute(PreparedStatement.java:1379) ~[mysql-connector-java-5.1.24.jar:na]
	at net.sf.log4jdbc.PreparedStatementSpy.execute(PreparedStatementSpy.java:417) ~[log4jdbc-1.2.jar:na]
	at org.apache.ibatis.executor.statement.PreparedStatementHandler.query(PreparedStatementHandler.java:59) [mybatis-3.2.7.jar:3.2.7]
	at org.apache.ibatis.executor.statement.RoutingStatementHandler.query(RoutingStatementHandler.java:73) [mybatis-3.2.7.jar:3.2.7]
	at org.apache.ibatis.executor.SimpleExecutor.doQuery(SimpleExecutor.java:60) [mybatis-3.2.7.jar:3.2.7]
	at org.apache.ibatis.executor.BaseExecutor.queryFromDatabase(BaseExecutor.java:267) [mybatis-3.2.7.jar:3.2.7]
	at org.apache.ibatis.executor.BaseExecutor.query(BaseExecutor.java:137) [mybatis-3.2.7.jar:3.2.7]
	at org.apache.ibatis.executor.CachingExecutor.query(CachingExecutor.java:96) [mybatis-3.2.7.jar:3.2.7]
	at org.apache.ibatis.executor.CachingExecutor.query(CachingExecutor.java:77) [mybatis-3.2.7.jar:3.2.7]
	at org.apache.ibatis.session.defaults.DefaultSqlSession.selectList(DefaultSqlSession.java:108) [mybatis-3.2.7.jar:3.2.7]
	at org.apache.ibatis.session.defaults.DefaultSqlSession.selectList(DefaultSqlSession.java:102) [mybatis-3.2.7.jar:3.2.7]
	at org.apache.ibatis.session.defaults.DefaultSqlSession.selectOne(DefaultSqlSession.java:66) [mybatis-3.2.7.jar:3.2.7]
	at sun.reflect.NativeMethodAccessorImpl.invoke0(Native Method) ~[na:1.7.0_67]
	at sun.reflect.NativeMethodAccessorImpl.invoke(Unknown Source) ~[na:1.7.0_67]
	at sun.reflect.DelegatingMethodAccessorImpl.invoke(Unknown Source) ~[na:1.7.0_67]
	at java.lang.reflect.Method.invoke(Unknown Source) ~[na:1.7.0_67]
	at org.mybatis.spring.SqlSessionTemplate$SqlSessionInterceptor.invoke(SqlSessionTemplate.java:358) [mybatis-spring-1.2.2.jar:1.2.2]
	at com.sun.proxy.$Proxy19.selectOne(Unknown Source) [na:na]
	at org.mybatis.spring.SqlSessionTemplate.selectOne(SqlSessionTemplate.java:163) [mybatis-spring-1.2.2.jar:1.2.2]
	at org.apache.ibatis.binding.MapperMethod.execute(MapperMethod.java:68) [mybatis-3.2.7.jar:3.2.7]
	at org.apache.ibatis.binding.MapperProxy.invoke(MapperProxy.java:52) [mybatis-3.2.7.jar:3.2.7]
	at com.sun.proxy.$Proxy20.count(Unknown Source) [na:na]
	at com.slk.core.sys.CodeDaoTest.codeCurl(CodeDaoTest.java:36) [test-classes/:na]
	at sun.reflect.NativeMethodAccessorImpl.invoke0(Native Method) ~[na:1.7.0_67]
	at sun.reflect.NativeMethodAccessorImpl.invoke(Unknown Source) ~[na:1.7.0_67]
	at sun.reflect.DelegatingMethodAccessorImpl.invoke(Unknown Source) ~[na:1.7.0_67]
	at java.lang.reflect.Method.invoke(Unknown Source) ~[na:1.7.0_67]
	at org.junit.runners.model.FrameworkMethod$1.runReflectiveCall(FrameworkMethod.java:47) [junit-4.11.jar:na]
	at org.junit.internal.runners.model.ReflectiveCallable.run(ReflectiveCallable.java:12) [junit-4.11.jar:na]
	at org.junit.runners.model.FrameworkMethod.invokeExplosively(FrameworkMethod.java:44) [junit-4.11.jar:na]
	at org.junit.internal.runners.statements.InvokeMethod.evaluate(InvokeMethod.java:17) [junit-4.11.jar:na]
	at org.springframework.test.context.junit4.statements.RunBeforeTestMethodCallbacks.evaluate(RunBeforeTestMethodCallbacks.java:74) [spring-test-4.0.5.RELEASE.jar:4.0.5.RELEASE]
	at org.springframework.test.context.junit4.statements.RunAfterTestMethodCallbacks.evaluate(RunAfterTestMethodCallbacks.java:83) [spring-test-4.0.5.RELEASE.jar:4.0.5.RELEASE]
	at org.springframework.test.context.junit4.statements.SpringRepeat.evaluate(SpringRepeat.java:72) [spring-test-4.0.5.RELEASE.jar:4.0.5.RELEASE]
	at org.springframework.test.context.junit4.SpringJUnit4ClassRunner.runChild(SpringJUnit4ClassRunner.java:233) [spring-test-4.0.5.RELEASE.jar:4.0.5.RELEASE]
	at org.springframework.test.context.junit4.SpringJUnit4ClassRunner.runChild(SpringJUnit4ClassRunner.java:87) [spring-test-4.0.5.RELEASE.jar:4.0.5.RELEASE]
	at org.junit.runners.ParentRunner$3.run(ParentRunner.java:238) [junit-4.11.jar:na]
	at org.junit.runners.ParentRunner$1.schedule(ParentRunner.java:63) [junit-4.11.jar:na]
	at org.junit.runners.ParentRunner.runChildren(ParentRunner.java:236) [junit-4.11.jar:na]
	at org.junit.runners.ParentRunner.access$000(ParentRunner.java:53) [junit-4.11.jar:na]
	at org.junit.runners.ParentRunner$2.evaluate(ParentRunner.java:229) [junit-4.11.jar:na]
	at org.springframework.test.context.junit4.statements.RunBeforeTestClassCallbacks.evaluate(RunBeforeTestClassCallbacks.java:61) [spring-test-4.0.5.RELEASE.jar:4.0.5.RELEASE]
	at org.springframework.test.context.junit4.statements.RunAfterTestClassCallbacks.evaluate(RunAfterTestClassCallbacks.java:71) [spring-test-4.0.5.RELEASE.jar:4.0.5.RELEASE]
	at org.junit.runners.ParentRunner.run(ParentRunner.java:309) [junit-4.11.jar:na]
	at org.springframework.test.context.junit4.SpringJUnit4ClassRunner.run(SpringJUnit4ClassRunner.java:176) [spring-test-4.0.5.RELEASE.jar:4.0.5.RELEASE]
	at org.eclipse.jdt.internal.junit4.runner.JUnit4TestReference.run(JUnit4TestReference.java:50) [.cp/:na]
	at org.eclipse.jdt.internal.junit.runner.TestExecution.run(TestExecution.java:38) [.cp/:na]
	at org.eclipse.jdt.internal.junit.runner.RemoteTestRunner.runTests(RemoteTestRunner.java:459) [.cp/:na]
	at org.eclipse.jdt.internal.junit.runner.RemoteTestRunner.runTests(RemoteTestRunner.java:675) [.cp/:na]
	at org.eclipse.jdt.internal.junit.runner.RemoteTestRunner.run(RemoteTestRunner.java:382) [.cp/:na]
	at org.eclipse.jdt.internal.junit.runner.RemoteTestRunner.main(RemoteTestRunner.java:192) [.cp/:na]
00:48:39.499 [main] ERROR jdbc.sqlonly - 10. PreparedStatement.execute() SELECT count(*) FROM slk_code 

com.mysql.jdbc.exceptions.jdbc4.MySQLSyntaxErrorException: Table 'qsync.slk_code' doesn't exist
	at sun.reflect.NativeConstructorAccessorImpl.newInstance0(Native Method) ~[na:1.7.0_67]
	at sun.reflect.NativeConstructorAccessorImpl.newInstance(Unknown Source) ~[na:1.7.0_67]
	at sun.reflect.DelegatingConstructorAccessorImpl.newInstance(Unknown Source) ~[na:1.7.0_67]
	at java.lang.reflect.Constructor.newInstance(Unknown Source) ~[na:1.7.0_67]
	at com.mysql.jdbc.Util.handleNewInstance(Util.java:411) ~[mysql-connector-java-5.1.24.jar:na]
	at com.mysql.jdbc.Util.getInstance(Util.java:386) ~[mysql-connector-java-5.1.24.jar:na]
	at com.mysql.jdbc.SQLError.createSQLException(SQLError.java:1054) ~[mysql-connector-java-5.1.24.jar:na]
	at com.mysql.jdbc.MysqlIO.checkErrorPacket(MysqlIO.java:4120) ~[mysql-connector-java-5.1.24.jar:na]
	at com.mysql.jdbc.MysqlIO.checkErrorPacket(MysqlIO.java:4052) ~[mysql-connector-java-5.1.24.jar:na]
	at com.mysql.jdbc.MysqlIO.sendCommand(MysqlIO.java:2503) ~[mysql-connector-java-5.1.24.jar:na]
	at com.mysql.jdbc.MysqlIO.sqlQueryDirect(MysqlIO.java:2664) ~[mysql-connector-java-5.1.24.jar:na]
	at com.mysql.jdbc.ConnectionImpl.execSQL(ConnectionImpl.java:2815) ~[mysql-connector-java-5.1.24.jar:na]
	at com.mysql.jdbc.PreparedStatement.executeInternal(PreparedStatement.java:2155) ~[mysql-connector-java-5.1.24.jar:na]
	at com.mysql.jdbc.PreparedStatement.execute(PreparedStatement.java:1379) ~[mysql-connector-java-5.1.24.jar:na]
	at net.sf.log4jdbc.PreparedStatementSpy.execute(PreparedStatementSpy.java:417) ~[log4jdbc-1.2.jar:na]
	at org.apache.ibatis.executor.statement.PreparedStatementHandler.query(PreparedStatementHandler.java:59) [mybatis-3.2.7.jar:3.2.7]
	at org.apache.ibatis.executor.statement.RoutingStatementHandler.query(RoutingStatementHandler.java:73) [mybatis-3.2.7.jar:3.2.7]
	at org.apache.ibatis.executor.SimpleExecutor.doQuery(SimpleExecutor.java:60) [mybatis-3.2.7.jar:3.2.7]
	at org.apache.ibatis.executor.BaseExecutor.queryFromDatabase(BaseExecutor.java:267) [mybatis-3.2.7.jar:3.2.7]
	at org.apache.ibatis.executor.BaseExecutor.query(BaseExecutor.java:137) [mybatis-3.2.7.jar:3.2.7]
	at org.apache.ibatis.executor.CachingExecutor.query(CachingExecutor.java:96) [mybatis-3.2.7.jar:3.2.7]
	at org.apache.ibatis.executor.CachingExecutor.query(CachingExecutor.java:77) [mybatis-3.2.7.jar:3.2.7]
	at org.apache.ibatis.session.defaults.DefaultSqlSession.selectList(DefaultSqlSession.java:108) [mybatis-3.2.7.jar:3.2.7]
	at org.apache.ibatis.session.defaults.DefaultSqlSession.selectList(DefaultSqlSession.java:102) [mybatis-3.2.7.jar:3.2.7]
	at org.apache.ibatis.session.defaults.DefaultSqlSession.selectOne(DefaultSqlSession.java:66) [mybatis-3.2.7.jar:3.2.7]
	at sun.reflect.NativeMethodAccessorImpl.invoke0(Native Method) ~[na:1.7.0_67]
	at sun.reflect.NativeMethodAccessorImpl.invoke(Unknown Source) ~[na:1.7.0_67]
	at sun.reflect.DelegatingMethodAccessorImpl.invoke(Unknown Source) ~[na:1.7.0_67]
	at java.lang.reflect.Method.invoke(Unknown Source) ~[na:1.7.0_67]
	at org.mybatis.spring.SqlSessionTemplate$SqlSessionInterceptor.invoke(SqlSessionTemplate.java:358) [mybatis-spring-1.2.2.jar:1.2.2]
	at com.sun.proxy.$Proxy19.selectOne(Unknown Source) [na:na]
	at org.mybatis.spring.SqlSessionTemplate.selectOne(SqlSessionTemplate.java:163) [mybatis-spring-1.2.2.jar:1.2.2]
	at org.apache.ibatis.binding.MapperMethod.execute(MapperMethod.java:68) [mybatis-3.2.7.jar:3.2.7]
	at org.apache.ibatis.binding.MapperProxy.invoke(MapperProxy.java:52) [mybatis-3.2.7.jar:3.2.7]
	at com.sun.proxy.$Proxy20.count(Unknown Source) [na:na]
	at com.slk.core.sys.CodeDaoTest.codeCurl(CodeDaoTest.java:36) [test-classes/:na]
	at sun.reflect.NativeMethodAccessorImpl.invoke0(Native Method) ~[na:1.7.0_67]
	at sun.reflect.NativeMethodAccessorImpl.invoke(Unknown Source) ~[na:1.7.0_67]
	at sun.reflect.DelegatingMethodAccessorImpl.invoke(Unknown Source) ~[na:1.7.0_67]
	at java.lang.reflect.Method.invoke(Unknown Source) ~[na:1.7.0_67]
	at org.junit.runners.model.FrameworkMethod$1.runReflectiveCall(FrameworkMethod.java:47) [junit-4.11.jar:na]
	at org.junit.internal.runners.model.ReflectiveCallable.run(ReflectiveCallable.java:12) [junit-4.11.jar:na]
	at org.junit.runners.model.FrameworkMethod.invokeExplosively(FrameworkMethod.java:44) [junit-4.11.jar:na]
	at org.junit.internal.runners.statements.InvokeMethod.evaluate(InvokeMethod.java:17) [junit-4.11.jar:na]
	at org.springframework.test.context.junit4.statements.RunBeforeTestMethodCallbacks.evaluate(RunBeforeTestMethodCallbacks.java:74) [spring-test-4.0.5.RELEASE.jar:4.0.5.RELEASE]
	at org.springframework.test.context.junit4.statements.RunAfterTestMethodCallbacks.evaluate(RunAfterTestMethodCallbacks.java:83) [spring-test-4.0.5.RELEASE.jar:4.0.5.RELEASE]
	at org.springframework.test.context.junit4.statements.SpringRepeat.evaluate(SpringRepeat.java:72) [spring-test-4.0.5.RELEASE.jar:4.0.5.RELEASE]
	at org.springframework.test.context.junit4.SpringJUnit4ClassRunner.runChild(SpringJUnit4ClassRunner.java:233) [spring-test-4.0.5.RELEASE.jar:4.0.5.RELEASE]
	at org.springframework.test.context.junit4.SpringJUnit4ClassRunner.runChild(SpringJUnit4ClassRunner.java:87) [spring-test-4.0.5.RELEASE.jar:4.0.5.RELEASE]
	at org.junit.runners.ParentRunner$3.run(ParentRunner.java:238) [junit-4.11.jar:na]
	at org.junit.runners.ParentRunner$1.schedule(ParentRunner.java:63) [junit-4.11.jar:na]
	at org.junit.runners.ParentRunner.runChildren(ParentRunner.java:236) [junit-4.11.jar:na]
	at org.junit.runners.ParentRunner.access$000(ParentRunner.java:53) [junit-4.11.jar:na]
	at org.junit.runners.ParentRunner$2.evaluate(ParentRunner.java:229) [junit-4.11.jar:na]
	at org.springframework.test.context.junit4.statements.RunBeforeTestClassCallbacks.evaluate(RunBeforeTestClassCallbacks.java:61) [spring-test-4.0.5.RELEASE.jar:4.0.5.RELEASE]
	at org.springframework.test.context.junit4.statements.RunAfterTestClassCallbacks.evaluate(RunAfterTestClassCallbacks.java:71) [spring-test-4.0.5.RELEASE.jar:4.0.5.RELEASE]
	at org.junit.runners.ParentRunner.run(ParentRunner.java:309) [junit-4.11.jar:na]
	at org.springframework.test.context.junit4.SpringJUnit4ClassRunner.run(SpringJUnit4ClassRunner.java:176) [spring-test-4.0.5.RELEASE.jar:4.0.5.RELEASE]
	at org.eclipse.jdt.internal.junit4.runner.JUnit4TestReference.run(JUnit4TestReference.java:50) [.cp/:na]
	at org.eclipse.jdt.internal.junit.runner.TestExecution.run(TestExecution.java:38) [.cp/:na]
	at org.eclipse.jdt.internal.junit.runner.RemoteTestRunner.runTests(RemoteTestRunner.java:459) [.cp/:na]
	at org.eclipse.jdt.internal.junit.runner.RemoteTestRunner.runTests(RemoteTestRunner.java:675) [.cp/:na]
	at org.eclipse.jdt.internal.junit.runner.RemoteTestRunner.run(RemoteTestRunner.java:382) [.cp/:na]
	at org.eclipse.jdt.internal.junit.runner.RemoteTestRunner.main(RemoteTestRunner.java:192) [.cp/:na]
00:48:39.501 [main] ERROR jdbc.sqltiming - 10. PreparedStatement.execute() FAILED! SELECT count(*) FROM slk_code 
 {FAILED after 1 msec}
com.mysql.jdbc.exceptions.jdbc4.MySQLSyntaxErrorException: Table 'qsync.slk_code' doesn't exist
	at sun.reflect.NativeConstructorAccessorImpl.newInstance0(Native Method) ~[na:1.7.0_67]
	at sun.reflect.NativeConstructorAccessorImpl.newInstance(Unknown Source) ~[na:1.7.0_67]
	at sun.reflect.DelegatingConstructorAccessorImpl.newInstance(Unknown Source) ~[na:1.7.0_67]
	at java.lang.reflect.Constructor.newInstance(Unknown Source) ~[na:1.7.0_67]
	at com.mysql.jdbc.Util.handleNewInstance(Util.java:411) ~[mysql-connector-java-5.1.24.jar:na]
	at com.mysql.jdbc.Util.getInstance(Util.java:386) ~[mysql-connector-java-5.1.24.jar:na]
	at com.mysql.jdbc.SQLError.createSQLException(SQLError.java:1054) ~[mysql-connector-java-5.1.24.jar:na]
	at com.mysql.jdbc.MysqlIO.checkErrorPacket(MysqlIO.java:4120) ~[mysql-connector-java-5.1.24.jar:na]
	at com.mysql.jdbc.MysqlIO.checkErrorPacket(MysqlIO.java:4052) ~[mysql-connector-java-5.1.24.jar:na]
	at com.mysql.jdbc.MysqlIO.sendCommand(MysqlIO.java:2503) ~[mysql-connector-java-5.1.24.jar:na]
	at com.mysql.jdbc.MysqlIO.sqlQueryDirect(MysqlIO.java:2664) ~[mysql-connector-java-5.1.24.jar:na]
	at com.mysql.jdbc.ConnectionImpl.execSQL(ConnectionImpl.java:2815) ~[mysql-connector-java-5.1.24.jar:na]
	at com.mysql.jdbc.PreparedStatement.executeInternal(PreparedStatement.java:2155) ~[mysql-connector-java-5.1.24.jar:na]
	at com.mysql.jdbc.PreparedStatement.execute(PreparedStatement.java:1379) ~[mysql-connector-java-5.1.24.jar:na]
	at net.sf.log4jdbc.PreparedStatementSpy.execute(PreparedStatementSpy.java:417) ~[log4jdbc-1.2.jar:na]
	at org.apache.ibatis.executor.statement.PreparedStatementHandler.query(PreparedStatementHandler.java:59) [mybatis-3.2.7.jar:3.2.7]
	at org.apache.ibatis.executor.statement.RoutingStatementHandler.query(RoutingStatementHandler.java:73) [mybatis-3.2.7.jar:3.2.7]
	at org.apache.ibatis.executor.SimpleExecutor.doQuery(SimpleExecutor.java:60) [mybatis-3.2.7.jar:3.2.7]
	at org.apache.ibatis.executor.BaseExecutor.queryFromDatabase(BaseExecutor.java:267) [mybatis-3.2.7.jar:3.2.7]
	at org.apache.ibatis.executor.BaseExecutor.query(BaseExecutor.java:137) [mybatis-3.2.7.jar:3.2.7]
	at org.apache.ibatis.executor.CachingExecutor.query(CachingExecutor.java:96) [mybatis-3.2.7.jar:3.2.7]
	at org.apache.ibatis.executor.CachingExecutor.query(CachingExecutor.java:77) [mybatis-3.2.7.jar:3.2.7]
	at org.apache.ibatis.session.defaults.DefaultSqlSession.selectList(DefaultSqlSession.java:108) [mybatis-3.2.7.jar:3.2.7]
	at org.apache.ibatis.session.defaults.DefaultSqlSession.selectList(DefaultSqlSession.java:102) [mybatis-3.2.7.jar:3.2.7]
	at org.apache.ibatis.session.defaults.DefaultSqlSession.selectOne(DefaultSqlSession.java:66) [mybatis-3.2.7.jar:3.2.7]
	at sun.reflect.NativeMethodAccessorImpl.invoke0(Native Method) ~[na:1.7.0_67]
	at sun.reflect.NativeMethodAccessorImpl.invoke(Unknown Source) ~[na:1.7.0_67]
	at sun.reflect.DelegatingMethodAccessorImpl.invoke(Unknown Source) ~[na:1.7.0_67]
	at java.lang.reflect.Method.invoke(Unknown Source) ~[na:1.7.0_67]
	at org.mybatis.spring.SqlSessionTemplate$SqlSessionInterceptor.invoke(SqlSessionTemplate.java:358) [mybatis-spring-1.2.2.jar:1.2.2]
	at com.sun.proxy.$Proxy19.selectOne(Unknown Source) [na:na]
	at org.mybatis.spring.SqlSessionTemplate.selectOne(SqlSessionTemplate.java:163) [mybatis-spring-1.2.2.jar:1.2.2]
	at org.apache.ibatis.binding.MapperMethod.execute(MapperMethod.java:68) [mybatis-3.2.7.jar:3.2.7]
	at org.apache.ibatis.binding.MapperProxy.invoke(MapperProxy.java:52) [mybatis-3.2.7.jar:3.2.7]
	at com.sun.proxy.$Proxy20.count(Unknown Source) [na:na]
	at com.slk.core.sys.CodeDaoTest.codeCurl(CodeDaoTest.java:36) [test-classes/:na]
	at sun.reflect.NativeMethodAccessorImpl.invoke0(Native Method) ~[na:1.7.0_67]
	at sun.reflect.NativeMethodAccessorImpl.invoke(Unknown Source) ~[na:1.7.0_67]
	at sun.reflect.DelegatingMethodAccessorImpl.invoke(Unknown Source) ~[na:1.7.0_67]
	at java.lang.reflect.Method.invoke(Unknown Source) ~[na:1.7.0_67]
	at org.junit.runners.model.FrameworkMethod$1.runReflectiveCall(FrameworkMethod.java:47) [junit-4.11.jar:na]
	at org.junit.internal.runners.model.ReflectiveCallable.run(ReflectiveCallable.java:12) [junit-4.11.jar:na]
	at org.junit.runners.model.FrameworkMethod.invokeExplosively(FrameworkMethod.java:44) [junit-4.11.jar:na]
	at org.junit.internal.runners.statements.InvokeMethod.evaluate(InvokeMethod.java:17) [junit-4.11.jar:na]
	at org.springframework.test.context.junit4.statements.RunBeforeTestMethodCallbacks.evaluate(RunBeforeTestMethodCallbacks.java:74) [spring-test-4.0.5.RELEASE.jar:4.0.5.RELEASE]
	at org.springframework.test.context.junit4.statements.RunAfterTestMethodCallbacks.evaluate(RunAfterTestMethodCallbacks.java:83) [spring-test-4.0.5.RELEASE.jar:4.0.5.RELEASE]
	at org.springframework.test.context.junit4.statements.SpringRepeat.evaluate(SpringRepeat.java:72) [spring-test-4.0.5.RELEASE.jar:4.0.5.RELEASE]
	at org.springframework.test.context.junit4.SpringJUnit4ClassRunner.runChild(SpringJUnit4ClassRunner.java:233) [spring-test-4.0.5.RELEASE.jar:4.0.5.RELEASE]
	at org.springframework.test.context.junit4.SpringJUnit4ClassRunner.runChild(SpringJUnit4ClassRunner.java:87) [spring-test-4.0.5.RELEASE.jar:4.0.5.RELEASE]
	at org.junit.runners.ParentRunner$3.run(ParentRunner.java:238) [junit-4.11.jar:na]
	at org.junit.runners.ParentRunner$1.schedule(ParentRunner.java:63) [junit-4.11.jar:na]
	at org.junit.runners.ParentRunner.runChildren(ParentRunner.java:236) [junit-4.11.jar:na]
	at org.junit.runners.ParentRunner.access$000(ParentRunner.java:53) [junit-4.11.jar:na]
	at org.junit.runners.ParentRunner$2.evaluate(ParentRunner.java:229) [junit-4.11.jar:na]
	at org.springframework.test.context.junit4.statements.RunBeforeTestClassCallbacks.evaluate(RunBeforeTestClassCallbacks.java:61) [spring-test-4.0.5.RELEASE.jar:4.0.5.RELEASE]
	at org.springframework.test.context.junit4.statements.RunAfterTestClassCallbacks.evaluate(RunAfterTestClassCallbacks.java:71) [spring-test-4.0.5.RELEASE.jar:4.0.5.RELEASE]
	at org.junit.runners.ParentRunner.run(ParentRunner.java:309) [junit-4.11.jar:na]
	at org.springframework.test.context.junit4.SpringJUnit4ClassRunner.run(SpringJUnit4ClassRunner.java:176) [spring-test-4.0.5.RELEASE.jar:4.0.5.RELEASE]
	at org.eclipse.jdt.internal.junit4.runner.JUnit4TestReference.run(JUnit4TestReference.java:50) [.cp/:na]
	at org.eclipse.jdt.internal.junit.runner.TestExecution.run(TestExecution.java:38) [.cp/:na]
	at org.eclipse.jdt.internal.junit.runner.RemoteTestRunner.runTests(RemoteTestRunner.java:459) [.cp/:na]
	at org.eclipse.jdt.internal.junit.runner.RemoteTestRunner.runTests(RemoteTestRunner.java:675) [.cp/:na]
	at org.eclipse.jdt.internal.junit.runner.RemoteTestRunner.run(RemoteTestRunner.java:382) [.cp/:na]
	at org.eclipse.jdt.internal.junit.runner.RemoteTestRunner.main(RemoteTestRunner.java:192) [.cp/:na]
00:49:39.412 [main] WARN  o.s.aop.framework.CglibAopProxy - Unable to proxy method [public final void org.springframework.test.context.junit4.AbstractJUnit4SpringContextTests.setApplicationContext(org.springframework.context.ApplicationContext)] because it is final: All calls to this method via a proxy will NOT be routed to the target instance.
00:49:39.944 [main] INFO  jdbc.sqltiming - SELECT count(*) FROM slk_code 
 {executed in 1 msec}
00:49:39.955 [main] INFO  jdbc.sqltiming - SELECT `id` as `id`, `type` as `type`, `code` as `code`, `dictionary_code` as `dictionaryCode`, 
`dictionary_value` as `dictionaryValue`, `reserve_value` as `reserveValue`, `comment` as `comment`, 
`created` as `created`, `deleted` as `deleted`, `last_operate_time` as `lastOperateTime` FROM 
slk_code 
 {executed in 1 msec}
00:49:39.964 [main] INFO  jdbc.sqltiming - INSERT INTO slk_code ( `id`, `type`, `code`, `dictionary_code`, `dictionary_value`, `reserve_value`, 
`comment`, `created`, `deleted`, `last_operate_time` ) VALUES ( NULL, '1', '1', '1', '1', '1', 
'1', '2014-08-15 00:49:39', 1, '2014-08-15 00:49:39' ) 
 {executed in 1 msec}
00:49:39.966 [main] INFO  jdbc.sqltiming - SELECT count(*) FROM slk_code 
 {executed in 1 msec}
00:49:39.968 [main] INFO  jdbc.sqltiming - SELECT `id` as `id`, `type` as `type`, `code` as `code`, `dictionary_code` as `dictionaryCode`, 
`dictionary_value` as `dictionaryValue`, `reserve_value` as `reserveValue`, `comment` as `comment`, 
`created` as `created`, `deleted` as `deleted`, `last_operate_time` as `lastOperateTime` FROM 
slk_code WHERE `id` = 1 
 {executed in 0 msec}
00:49:39.972 [main] INFO  jdbc.sqltiming - UPDATE slk_code SET `type` = '2' , `code` = '2' , `dictionary_code` = '2' , `dictionary_value` 
= '2' , `reserve_value` = '2' , `comment` = '2' , `created` = '2014-08-15 00:49:39' , `deleted` 
= 2 , `last_operate_time` = '2014-08-15 00:49:39' WHERE id = 1 
 {executed in 1 msec}
00:49:39.974 [main] INFO  jdbc.sqltiming - SELECT `id` as `id`, `type` as `type`, `code` as `code`, `dictionary_code` as `dictionaryCode`, 
`dictionary_value` as `dictionaryValue`, `reserve_value` as `reserveValue`, `comment` as `comment`, 
`created` as `created`, `deleted` as `deleted`, `last_operate_time` as `lastOperateTime` FROM 
slk_code WHERE `id` = 1 
 {executed in 1 msec}
00:49:39.977 [main] INFO  jdbc.sqltiming - DELETE FROM slk_code WHERE `id` = 1 
 {executed in 0 msec}
00:49:39.988 [main] INFO  jdbc.sqltiming - SELECT count(*) FROM slk_code 
 {executed in 10 msec}
00:50:02.690 [main] WARN  o.s.aop.framework.CglibAopProxy - Unable to proxy method [public final void org.springframework.test.context.junit4.AbstractJUnit4SpringContextTests.setApplicationContext(org.springframework.context.ApplicationContext)] because it is final: All calls to this method via a proxy will NOT be routed to the target instance.
00:50:03.219 [main] INFO  jdbc.sqltiming - SELECT count(*) FROM slk_code 
 {executed in 1 msec}
00:50:03.229 [main] INFO  jdbc.sqltiming - SELECT `id` as `id`, `type` as `type`, `code` as `code`, `dictionary_code` as `dictionaryCode`, 
`dictionary_value` as `dictionaryValue`, `reserve_value` as `reserveValue`, `comment` as `comment`, 
`created` as `created`, `deleted` as `deleted`, `last_operate_time` as `lastOperateTime` FROM 
slk_code 
 {executed in 1 msec}
00:50:03.238 [main] INFO  jdbc.sqltiming - INSERT INTO slk_code ( `id`, `type`, `code`, `dictionary_code`, `dictionary_value`, `reserve_value`, 
`comment`, `created`, `deleted`, `last_operate_time` ) VALUES ( NULL, '1', '1', '1', '1', '1', 
'1', '2014-08-15 00:50:03', 1, '2014-08-15 00:50:03' ) 
 {executed in 1 msec}
00:50:03.256 [main] INFO  jdbc.sqltiming - SELECT count(*) FROM slk_code 
 {executed in 0 msec}
00:50:03.258 [main] INFO  jdbc.sqltiming - SELECT `id` as `id`, `type` as `type`, `code` as `code`, `dictionary_code` as `dictionaryCode`, 
`dictionary_value` as `dictionaryValue`, `reserve_value` as `reserveValue`, `comment` as `comment`, 
`created` as `created`, `deleted` as `deleted`, `last_operate_time` as `lastOperateTime` FROM 
slk_code WHERE `id` = 2 
 {executed in 1 msec}
00:50:03.261 [main] INFO  jdbc.sqltiming - UPDATE slk_code SET `type` = '2' , `code` = '2' , `dictionary_code` = '2' , `dictionary_value` 
= '2' , `reserve_value` = '2' , `comment` = '2' , `created` = '2014-08-15 00:50:03' , `deleted` 
= 2 , `last_operate_time` = '2014-08-15 00:50:03' WHERE id = 2 
 {executed in 0 msec}
00:50:03.263 [main] INFO  jdbc.sqltiming - SELECT `id` as `id`, `type` as `type`, `code` as `code`, `dictionary_code` as `dictionaryCode`, 
`dictionary_value` as `dictionaryValue`, `reserve_value` as `reserveValue`, `comment` as `comment`, 
`created` as `created`, `deleted` as `deleted`, `last_operate_time` as `lastOperateTime` FROM 
slk_code WHERE `id` = 2 
 {executed in 0 msec}
00:50:03.265 [main] INFO  jdbc.sqltiming - DELETE FROM slk_code WHERE `id` = 2 
 {executed in 1 msec}
00:50:03.266 [main] INFO  jdbc.sqltiming - SELECT count(*) FROM slk_code 
 {executed in 1 msec}
00:50:24.778 [main] WARN  o.s.aop.framework.CglibAopProxy - Unable to proxy method [public final void org.springframework.test.context.junit4.AbstractJUnit4SpringContextTests.setApplicationContext(org.springframework.context.ApplicationContext)] because it is final: All calls to this method via a proxy will NOT be routed to the target instance.
00:50:25.309 [main] INFO  jdbc.sqltiming - SELECT count(*) FROM slk_code 
 {executed in 1 msec}
00:50:25.319 [main] INFO  jdbc.sqltiming - SELECT `id` as `id`, `type` as `type`, `code` as `code`, `dictionary_code` as `dictionaryCode`, 
`dictionary_value` as `dictionaryValue`, `reserve_value` as `reserveValue`, `comment` as `comment`, 
`created` as `created`, `deleted` as `deleted`, `last_operate_time` as `lastOperateTime` FROM 
slk_code 
 {executed in 1 msec}
00:50:25.328 [main] INFO  jdbc.sqltiming - INSERT INTO slk_code ( `id`, `type`, `code`, `dictionary_code`, `dictionary_value`, `reserve_value`, 
`comment`, `created`, `deleted`, `last_operate_time` ) VALUES ( NULL, '1', '1', '1', '1', '1', 
'1', '2014-08-15 00:50:25', 1, '2014-08-15 00:50:25' ) 
 {executed in 1 msec}
00:50:25.330 [main] INFO  jdbc.sqltiming - SELECT count(*) FROM slk_code 
 {executed in 0 msec}
00:50:25.332 [main] INFO  jdbc.sqltiming - SELECT `id` as `id`, `type` as `type`, `code` as `code`, `dictionary_code` as `dictionaryCode`, 
`dictionary_value` as `dictionaryValue`, `reserve_value` as `reserveValue`, `comment` as `comment`, 
`created` as `created`, `deleted` as `deleted`, `last_operate_time` as `lastOperateTime` FROM 
slk_code WHERE `id` = 3 
 {executed in 1 msec}
00:50:25.335 [main] INFO  jdbc.sqltiming - UPDATE slk_code SET `type` = '2' , `code` = '2' , `dictionary_code` = '2' , `dictionary_value` 
= '2' , `reserve_value` = '2' , `comment` = '2' , `created` = '2014-08-15 00:50:25' , `deleted` 
= 2 , `last_operate_time` = '2014-08-15 00:50:25' WHERE id = 3 
 {executed in 0 msec}
00:50:25.336 [main] INFO  jdbc.sqltiming - SELECT `id` as `id`, `type` as `type`, `code` as `code`, `dictionary_code` as `dictionaryCode`, 
`dictionary_value` as `dictionaryValue`, `reserve_value` as `reserveValue`, `comment` as `comment`, 
`created` as `created`, `deleted` as `deleted`, `last_operate_time` as `lastOperateTime` FROM 
slk_code WHERE `id` = 3 
 {executed in 0 msec}
00:50:25.339 [main] INFO  jdbc.sqltiming - DELETE FROM slk_code WHERE `id` = 3 
 {executed in 1 msec}
00:50:25.340 [main] INFO  jdbc.sqltiming - SELECT count(*) FROM slk_code 
 {executed in 1 msec}
